<?xml version="1.0" encoding="UTF-8"?>
<!-- Generated by org.testng.reporters.JUnitReportReporter -->
<testsuite hostname="Pranitha" failures="0" tests="1" name="testcases.LinksTest" time="115.024" errors="0" timestamp="2024-08-05T12:56:07 IST" skipped="0">
  <testcase classname="testcases.LinksTest" name="brokenLinks" time="115.024"/>
</testsuite> <!-- testcases.LinksTest -->
