<?xml version="1.0" encoding="UTF-8"?>
<!-- Generated by org.testng.reporters.JUnitReportReporter -->
<testsuite hostname="Pranitha" failures="0" tests="1" name="testcases.WindowHandling" time="18.240" errors="0" timestamp="2024-08-02T22:41:48 IST" skipped="0">
  <testcase classname="testcases.WindowHandling" name="WindowHandlingTest" time="18.240"/>
</testsuite> <!-- testcases.WindowHandling -->
