<?xml version="1.0" encoding="UTF-8"?>
<!-- Generated by org.testng.reporters.JUnitReportReporter -->
<testsuite hostname="Pranitha" failures="0" tests="1" name="testcases.Screenshots" time="6.353" errors="0" timestamp="2024-08-05T11:33:15 IST" skipped="0">
  <testcase classname="testcases.Screenshots" name="takeScreenshot" time="6.353"/>
</testsuite> <!-- testcases.Screenshots -->
