<?xml version="1.0" encoding="UTF-8"?>
<!-- Generated by org.testng.reporters.JUnitReportReporter -->
<testsuite hostname="Pranitha" failures="0" tests="1" name="testcases.TablesScrolling" time="21.534" errors="0" timestamp="2024-08-05T10:48:42 IST" skipped="0">
  <testcase classname="testcases.TablesScrolling" name="tablesAssignment" time="21.534"/>
</testsuite> <!-- testcases.TablesScrolling -->
