<?xml version="1.0" encoding="UTF-8"?>
<!-- Generated by org.testng.reporters.JUnitReportReporter -->
<testsuite hostname="Pranitha" failures="0" tests="1" name="testcases.Miscellaneous" time="12.444" errors="0" timestamp="2024-08-05T11:01:13 IST" skipped="0">
  <testcase classname="testcases.Miscellaneous" name="HTTPSCertifications" time="12.444"/>
</testsuite> <!-- testcases.Miscellaneous -->
