<?xml version="1.0" encoding="UTF-8"?>
<!-- Generated by org.testng.reporters.JUnitReportReporter -->
<testsuite hostname="Pranitha" failures="0" tests="1" name="testcases.ActionSIframes" time="5.501" errors="0" timestamp="2024-08-02T21:16:58 IST" skipped="0">
  <testcase classname="testcases.ActionSIframes" name="iframeExample" time="5.501"/>
</testsuite> <!-- testcases.ActionSIframes -->
