<?xml version="1.0" encoding="UTF-8"?>
<!-- Generated by org.testng.reporters.JUnitReportReporter -->
<testsuite hostname="Pranitha" failures="0" tests="1" name="testcases.dropdowns" time="3.254" errors="0" timestamp="2024-08-02T16:36:46 IST" skipped="0">
  <testcase classname="testcases.dropdowns" name="AutoSuggestDropDown" time="3.254"/>
</testsuite> <!-- testcases.dropdowns -->
